2022-06-25 14:45:13.271  INFO 7948 --- [restartedMain] c.e.webapp.ChampionsQuestApplication     : Starting ChampionsQuestApplication using Java 17.0.3.1 on ErikPC with PID 7948 (C:\IntelliJ\ChampionsQuest\target\classes started by eende in C:\IntelliJ\ChampionsQuest)
2022-06-25 14:45:13.272  INFO 7948 --- [restartedMain] c.e.webapp.ChampionsQuestApplication     : No active profile set, falling back to 1 default profile: "default"
2022-06-25 14:45:13.315  INFO 7948 --- [restartedMain] .e.DevToolsPropertyDefaultsPostProcessor : Devtools property defaults active! Set 'spring.devtools.add-properties' to 'false' to disable
2022-06-25 14:45:13.315  INFO 7948 --- [restartedMain] .e.DevToolsPropertyDefaultsPostProcessor : For additional web related logging consider setting the 'logging.level.web' property to 'DEBUG'
2022-06-25 14:45:13.795  INFO 7948 --- [restartedMain] .s.d.r.c.RepositoryConfigurationDelegate : Bootstrapping Spring Data JPA repositories in DEFAULT mode.
2022-06-25 14:45:13.856  INFO 7948 --- [restartedMain] .s.d.r.c.RepositoryConfigurationDelegate : Finished Spring Data repository scanning in 54 ms. Found 7 JPA repository interfaces.
2022-06-25 14:45:14.298  INFO 7948 --- [restartedMain] o.s.b.w.embedded.tomcat.TomcatWebServer  : Tomcat initialized with port(s): 8080 (http)
2022-06-25 14:45:14.306  INFO 7948 --- [restartedMain] o.apache.catalina.core.StandardService   : Starting service [Tomcat]
2022-06-25 14:45:14.306  INFO 7948 --- [restartedMain] org.apache.catalina.core.StandardEngine  : Starting Servlet engine: [Apache Tomcat/9.0.63]
2022-06-25 14:45:14.381  INFO 7948 --- [restartedMain] o.a.c.c.C.[Tomcat].[localhost].[/]       : Initializing Spring embedded WebApplicationContext
2022-06-25 14:45:14.381  INFO 7948 --- [restartedMain] w.s.c.ServletWebServerApplicationContext : Root WebApplicationContext: initialization completed in 1065 ms
2022-06-25 14:45:14.530  INFO 7948 --- [restartedMain] o.hibernate.jpa.internal.util.LogHelper  : HHH000204: Processing PersistenceUnitInfo [name: default]
2022-06-25 14:45:14.562  INFO 7948 --- [restartedMain] org.hibernate.Version                    : HHH000412: Hibernate ORM core version 5.6.9.Final
2022-06-25 14:45:14.649  INFO 7948 --- [restartedMain] o.hibernate.annotations.common.Version   : HCANN000001: Hibernate Commons Annotations {5.1.2.Final}
2022-06-25 14:45:14.712  INFO 7948 --- [restartedMain] com.zaxxer.hikari.HikariDataSource       : HikariPool-1 - Starting...
2022-06-25 14:45:14.751  INFO 7948 --- [restartedMain] com.zaxxer.hikari.HikariDataSource       : HikariPool-1 - Start completed.
2022-06-25 14:45:14.761  INFO 7948 --- [restartedMain] org.hibernate.dialect.Dialect            : HHH000400: Using dialect: org.hibernate.dialect.MySQL5Dialect
2022-06-25 14:45:15.301  INFO 7948 --- [restartedMain] o.h.e.t.j.p.i.JtaPlatformInitiator       : HHH000490: Using JtaPlatform implementation: [org.hibernate.engine.transaction.jta.platform.internal.NoJtaPlatform]
2022-06-25 14:45:15.307  INFO 7948 --- [restartedMain] j.LocalContainerEntityManagerFactoryBean : Initialized JPA EntityManagerFactory for persistence unit 'default'
2022-06-25 14:45:15.738  INFO 7948 --- [restartedMain] o.s.s.web.DefaultSecurityFilterChain     : Will secure any request with [org.springframework.security.web.session.DisableEncodeUrlFilter@499338db, org.springframework.security.web.context.request.async.WebAsyncManagerIntegrationFilter@7c15df83, org.springframework.security.web.context.SecurityContextPersistenceFilter@4dd966ad, org.springframework.security.web.header.HeaderWriterFilter@39a7a593, org.springframework.security.web.csrf.CsrfFilter@4d7efc1b, org.springframework.security.web.authentication.logout.LogoutFilter@5a009ae3, org.springframework.security.web.authentication.UsernamePasswordAuthenticationFilter@362ce7da, org.springframework.security.web.savedrequest.RequestCacheAwareFilter@5475d929, org.springframework.security.web.servletapi.SecurityContextHolderAwareRequestFilter@59bbfeb1, org.springframework.security.web.authentication.AnonymousAuthenticationFilter@2dd6e5ec, org.springframework.security.web.session.SessionManagementFilter@34bec1d3, org.springframework.security.web.access.ExceptionTranslationFilter@3b9538a8, org.springframework.security.web.access.intercept.AuthorizationFilter@461e65b7]
2022-06-25 14:45:15.745  WARN 7948 --- [restartedMain] o.s.s.c.a.web.builders.WebSecurity       : You are asking Spring Security to ignore Ant [pattern='/images/**']. This is not recommended -- please use permitAll via HttpSecurity#authorizeHttpRequests instead.
2022-06-25 14:45:15.746  INFO 7948 --- [restartedMain] o.s.s.web.DefaultSecurityFilterChain     : Will not secure Ant [pattern='/images/**']
2022-06-25 14:45:15.746  WARN 7948 --- [restartedMain] o.s.s.c.a.web.builders.WebSecurity       : You are asking Spring Security to ignore Ant [pattern='/js/**']. This is not recommended -- please use permitAll via HttpSecurity#authorizeHttpRequests instead.
2022-06-25 14:45:15.746  INFO 7948 --- [restartedMain] o.s.s.web.DefaultSecurityFilterChain     : Will not secure Ant [pattern='/js/**']
2022-06-25 14:45:15.746  WARN 7948 --- [restartedMain] o.s.s.c.a.web.builders.WebSecurity       : You are asking Spring Security to ignore Ant [pattern='/webjars/**']. This is not recommended -- please use permitAll via HttpSecurity#authorizeHttpRequests instead.
2022-06-25 14:45:15.746  INFO 7948 --- [restartedMain] o.s.s.web.DefaultSecurityFilterChain     : Will not secure Ant [pattern='/webjars/**']
2022-06-25 14:45:15.775  WARN 7948 --- [restartedMain] JpaBaseConfiguration$JpaWebConfiguration : spring.jpa.open-in-view is enabled by default. Therefore, database queries may be performed during view rendering. Explicitly configure spring.jpa.open-in-view to disable this warning
2022-06-25 14:45:16.309  INFO 7948 --- [restartedMain] o.s.b.d.a.OptionalLiveReloadServer       : LiveReload server is running on port 35729
2022-06-25 14:45:16.336  INFO 7948 --- [restartedMain] o.s.b.w.embedded.tomcat.TomcatWebServer  : Tomcat started on port(s): 8080 (http) with context path ''
2022-06-25 14:45:16.345  INFO 7948 --- [restartedMain] c.e.webapp.ChampionsQuestApplication     : Started ChampionsQuestApplication in 3.365 seconds (JVM running for 4.077)
2022-06-25 14:56:25.496  INFO 7948 --- [SpringApplicationShutdownHook] j.LocalContainerEntityManagerFactoryBean : Closing JPA EntityManagerFactory for persistence unit 'default'
2022-06-25 14:56:25.498  INFO 7948 --- [SpringApplicationShutdownHook] com.zaxxer.hikari.HikariDataSource       : HikariPool-1 - Shutdown initiated...
2022-06-25 14:56:25.501  INFO 7948 --- [SpringApplicationShutdownHook] com.zaxxer.hikari.HikariDataSource       : HikariPool-1 - Shutdown completed.
2022-06-25 14:56:28.108  INFO 14180 --- [restartedMain] c.e.webapp.ChampionsQuestApplication     : Starting ChampionsQuestApplication using Java 17.0.3.1 on ErikPC with PID 14180 (C:\IntelliJ\ChampionsQuest\target\classes started by eende in C:\IntelliJ\ChampionsQuest)
2022-06-25 14:56:28.109  INFO 14180 --- [restartedMain] c.e.webapp.ChampionsQuestApplication     : No active profile set, falling back to 1 default profile: "default"
2022-06-25 14:56:28.152  INFO 14180 --- [restartedMain] .e.DevToolsPropertyDefaultsPostProcessor : Devtools property defaults active! Set 'spring.devtools.add-properties' to 'false' to disable
2022-06-25 14:56:28.152  INFO 14180 --- [restartedMain] .e.DevToolsPropertyDefaultsPostProcessor : For additional web related logging consider setting the 'logging.level.web' property to 'DEBUG'
2022-06-25 14:56:28.671  INFO 14180 --- [restartedMain] .s.d.r.c.RepositoryConfigurationDelegate : Bootstrapping Spring Data JPA repositories in DEFAULT mode.
2022-06-25 14:56:28.729  INFO 14180 --- [restartedMain] .s.d.r.c.RepositoryConfigurationDelegate : Finished Spring Data repository scanning in 50 ms. Found 7 JPA repository interfaces.
2022-06-25 14:56:29.142  INFO 14180 --- [restartedMain] o.s.b.w.embedded.tomcat.TomcatWebServer  : Tomcat initialized with port(s): 8080 (http)
2022-06-25 14:56:29.149  INFO 14180 --- [restartedMain] o.apache.catalina.core.StandardService   : Starting service [Tomcat]
2022-06-25 14:56:29.150  INFO 14180 --- [restartedMain] org.apache.catalina.core.StandardEngine  : Starting Servlet engine: [Apache Tomcat/9.0.63]
2022-06-25 14:56:29.226  INFO 14180 --- [restartedMain] o.a.c.c.C.[Tomcat].[localhost].[/]       : Initializing Spring embedded WebApplicationContext
2022-06-25 14:56:29.226  INFO 14180 --- [restartedMain] w.s.c.ServletWebServerApplicationContext : Root WebApplicationContext: initialization completed in 1073 ms
2022-06-25 14:56:29.370  INFO 14180 --- [restartedMain] o.hibernate.jpa.internal.util.LogHelper  : HHH000204: Processing PersistenceUnitInfo [name: default]
2022-06-25 14:56:29.406  INFO 14180 --- [restartedMain] org.hibernate.Version                    : HHH000412: Hibernate ORM core version 5.6.9.Final
2022-06-25 14:56:29.493  INFO 14180 --- [restartedMain] o.hibernate.annotations.common.Version   : HCANN000001: Hibernate Commons Annotations {5.1.2.Final}
2022-06-25 14:56:29.556  INFO 14180 --- [restartedMain] com.zaxxer.hikari.HikariDataSource       : HikariPool-1 - Starting...
2022-06-25 14:56:29.597  INFO 14180 --- [restartedMain] com.zaxxer.hikari.HikariDataSource       : HikariPool-1 - Start completed.
2022-06-25 14:56:29.608  INFO 14180 --- [restartedMain] org.hibernate.dialect.Dialect            : HHH000400: Using dialect: org.hibernate.dialect.MySQL5Dialect
2022-06-25 14:56:30.177  INFO 14180 --- [restartedMain] o.h.e.t.j.p.i.JtaPlatformInitiator       : HHH000490: Using JtaPlatform implementation: [org.hibernate.engine.transaction.jta.platform.internal.NoJtaPlatform]
2022-06-25 14:56:30.184  INFO 14180 --- [restartedMain] j.LocalContainerEntityManagerFactoryBean : Initialized JPA EntityManagerFactory for persistence unit 'default'
2022-06-25 14:56:30.663  INFO 14180 --- [restartedMain] o.s.s.web.DefaultSecurityFilterChain     : Will secure any request with [org.springframework.security.web.session.DisableEncodeUrlFilter@48fa87e8, org.springframework.security.web.context.request.async.WebAsyncManagerIntegrationFilter@3dd187be, org.springframework.security.web.context.SecurityContextPersistenceFilter@3379146, org.springframework.security.web.header.HeaderWriterFilter@6671fbd6, org.springframework.security.web.csrf.CsrfFilter@519450a0, org.springframework.security.web.authentication.logout.LogoutFilter@2d5dcf59, org.springframework.security.web.authentication.UsernamePasswordAuthenticationFilter@df61565, org.springframework.security.web.savedrequest.RequestCacheAwareFilter@87c5d1, org.springframework.security.web.servletapi.SecurityContextHolderAwareRequestFilter@5e63978f, org.springframework.security.web.authentication.AnonymousAuthenticationFilter@b1e05c, org.springframework.security.web.session.SessionManagementFilter@710e3527, org.springframework.security.web.access.ExceptionTranslationFilter@2b4fbc5a, org.springframework.security.web.access.intercept.AuthorizationFilter@4066a71e]
2022-06-25 14:56:30.666  WARN 14180 --- [restartedMain] o.s.s.c.a.web.builders.WebSecurity       : You are asking Spring Security to ignore Ant [pattern='/images/**']. This is not recommended -- please use permitAll via HttpSecurity#authorizeHttpRequests instead.
2022-06-25 14:56:30.666  INFO 14180 --- [restartedMain] o.s.s.web.DefaultSecurityFilterChain     : Will not secure Ant [pattern='/images/**']
2022-06-25 14:56:30.667  WARN 14180 --- [restartedMain] o.s.s.c.a.web.builders.WebSecurity       : You are asking Spring Security to ignore Ant [pattern='/js/**']. This is not recommended -- please use permitAll via HttpSecurity#authorizeHttpRequests instead.
2022-06-25 14:56:30.667  INFO 14180 --- [restartedMain] o.s.s.web.DefaultSecurityFilterChain     : Will not secure Ant [pattern='/js/**']
2022-06-25 14:56:30.667  WARN 14180 --- [restartedMain] o.s.s.c.a.web.builders.WebSecurity       : You are asking Spring Security to ignore Ant [pattern='/webjars/**']. This is not recommended -- please use permitAll via HttpSecurity#authorizeHttpRequests instead.
2022-06-25 14:56:30.667  INFO 14180 --- [restartedMain] o.s.s.web.DefaultSecurityFilterChain     : Will not secure Ant [pattern='/webjars/**']
2022-06-25 14:56:30.695  WARN 14180 --- [restartedMain] JpaBaseConfiguration$JpaWebConfiguration : spring.jpa.open-in-view is enabled by default. Therefore, database queries may be performed during view rendering. Explicitly configure spring.jpa.open-in-view to disable this warning
2022-06-25 14:56:31.272  INFO 14180 --- [restartedMain] o.s.b.d.a.OptionalLiveReloadServer       : LiveReload server is running on port 35729
2022-06-25 14:56:31.301  INFO 14180 --- [restartedMain] o.s.b.w.embedded.tomcat.TomcatWebServer  : Tomcat started on port(s): 8080 (http) with context path ''
2022-06-25 14:56:31.311  INFO 14180 --- [restartedMain] c.e.webapp.ChampionsQuestApplication     : Started ChampionsQuestApplication in 3.484 seconds (JVM running for 4.139)
2022-06-25 14:57:08.413  INFO 14180 --- [SpringApplicationShutdownHook] j.LocalContainerEntityManagerFactoryBean : Closing JPA EntityManagerFactory for persistence unit 'default'
2022-06-25 14:57:08.417  INFO 14180 --- [SpringApplicationShutdownHook] com.zaxxer.hikari.HikariDataSource       : HikariPool-1 - Shutdown initiated...
2022-06-25 14:57:08.421  INFO 14180 --- [SpringApplicationShutdownHook] com.zaxxer.hikari.HikariDataSource       : HikariPool-1 - Shutdown completed.
2022-06-25 14:57:10.882  INFO 10872 --- [restartedMain] c.e.webapp.ChampionsQuestApplication     : Starting ChampionsQuestApplication using Java 17.0.3.1 on ErikPC with PID 10872 (C:\IntelliJ\ChampionsQuest\target\classes started by eende in C:\IntelliJ\ChampionsQuest)
2022-06-25 14:57:10.883  INFO 10872 --- [restartedMain] c.e.webapp.ChampionsQuestApplication     : No active profile set, falling back to 1 default profile: "default"
2022-06-25 14:57:10.924  INFO 10872 --- [restartedMain] .e.DevToolsPropertyDefaultsPostProcessor : Devtools property defaults active! Set 'spring.devtools.add-properties' to 'false' to disable
2022-06-25 14:57:10.924  INFO 10872 --- [restartedMain] .e.DevToolsPropertyDefaultsPostProcessor : For additional web related logging consider setting the 'logging.level.web' property to 'DEBUG'
2022-06-25 14:57:11.460  INFO 10872 --- [restartedMain] .s.d.r.c.RepositoryConfigurationDelegate : Bootstrapping Spring Data JPA repositories in DEFAULT mode.
2022-06-25 14:57:11.526  INFO 10872 --- [restartedMain] .s.d.r.c.RepositoryConfigurationDelegate : Finished Spring Data repository scanning in 57 ms. Found 7 JPA repository interfaces.
2022-06-25 14:57:11.994  INFO 10872 --- [restartedMain] o.s.b.w.embedded.tomcat.TomcatWebServer  : Tomcat initialized with port(s): 8080 (http)
2022-06-25 14:57:12.001  INFO 10872 --- [restartedMain] o.apache.catalina.core.StandardService   : Starting service [Tomcat]
2022-06-25 14:57:12.001  INFO 10872 --- [restartedMain] org.apache.catalina.core.StandardEngine  : Starting Servlet engine: [Apache Tomcat/9.0.63]
2022-06-25 14:57:12.101  INFO 10872 --- [restartedMain] o.a.c.c.C.[Tomcat].[localhost].[/]       : Initializing Spring embedded WebApplicationContext
2022-06-25 14:57:12.101  INFO 10872 --- [restartedMain] w.s.c.ServletWebServerApplicationContext : Root WebApplicationContext: initialization completed in 1177 ms
2022-06-25 14:57:12.244  INFO 10872 --- [restartedMain] o.hibernate.jpa.internal.util.LogHelper  : HHH000204: Processing PersistenceUnitInfo [name: default]
2022-06-25 14:57:12.276  INFO 10872 --- [restartedMain] org.hibernate.Version                    : HHH000412: Hibernate ORM core version 5.6.9.Final
2022-06-25 14:57:12.365  INFO 10872 --- [restartedMain] o.hibernate.annotations.common.Version   : HCANN000001: Hibernate Commons Annotations {5.1.2.Final}
2022-06-25 14:57:12.432  INFO 10872 --- [restartedMain] com.zaxxer.hikari.HikariDataSource       : HikariPool-1 - Starting...
2022-06-25 14:57:12.472  INFO 10872 --- [restartedMain] com.zaxxer.hikari.HikariDataSource       : HikariPool-1 - Start completed.
2022-06-25 14:57:12.483  INFO 10872 --- [restartedMain] org.hibernate.dialect.Dialect            : HHH000400: Using dialect: org.hibernate.dialect.MySQL5Dialect
2022-06-25 14:57:13.039  INFO 10872 --- [restartedMain] o.h.e.t.j.p.i.JtaPlatformInitiator       : HHH000490: Using JtaPlatform implementation: [org.hibernate.engine.transaction.jta.platform.internal.NoJtaPlatform]
2022-06-25 14:57:13.044  INFO 10872 --- [restartedMain] j.LocalContainerEntityManagerFactoryBean : Initialized JPA EntityManagerFactory for persistence unit 'default'
2022-06-25 14:57:13.504  INFO 10872 --- [restartedMain] o.s.s.web.DefaultSecurityFilterChain     : Will secure any request with [org.springframework.security.web.session.DisableEncodeUrlFilter@5a009ae3, org.springframework.security.web.context.request.async.WebAsyncManagerIntegrationFilter@7497bbae, org.springframework.security.web.context.SecurityContextPersistenceFilter@5fab14ff, org.springframework.security.web.header.HeaderWriterFilter@4dcb4796, org.springframework.security.web.csrf.CsrfFilter@5b43ae1d, org.springframework.security.web.authentication.logout.LogoutFilter@732ca709, org.springframework.security.web.authentication.UsernamePasswordAuthenticationFilter@1f83472f, org.springframework.security.web.savedrequest.RequestCacheAwareFilter@3aad1753, org.springframework.security.web.servletapi.SecurityContextHolderAwareRequestFilter@6be23a7b, org.springframework.security.web.authentication.AnonymousAuthenticationFilter@7128302c, org.springframework.security.web.session.SessionManagementFilter@44f415cf, org.springframework.security.web.access.ExceptionTranslationFilter@1dcde55b, org.springframework.security.web.access.intercept.AuthorizationFilter@25a1730e]
2022-06-25 14:57:13.507  WARN 10872 --- [restartedMain] o.s.s.c.a.web.builders.WebSecurity       : You are asking Spring Security to ignore Ant [pattern='/images/**']. This is not recommended -- please use permitAll via HttpSecurity#authorizeHttpRequests instead.
2022-06-25 14:57:13.507  INFO 10872 --- [restartedMain] o.s.s.web.DefaultSecurityFilterChain     : Will not secure Ant [pattern='/images/**']
2022-06-25 14:57:13.508  WARN 10872 --- [restartedMain] o.s.s.c.a.web.builders.WebSecurity       : You are asking Spring Security to ignore Ant [pattern='/js/**']. This is not recommended -- please use permitAll via HttpSecurity#authorizeHttpRequests instead.
2022-06-25 14:57:13.508  INFO 10872 --- [restartedMain] o.s.s.web.DefaultSecurityFilterChain     : Will not secure Ant [pattern='/js/**']
2022-06-25 14:57:13.508  WARN 10872 --- [restartedMain] o.s.s.c.a.web.builders.WebSecurity       : You are asking Spring Security to ignore Ant [pattern='/webjars/**']. This is not recommended -- please use permitAll via HttpSecurity#authorizeHttpRequests instead.
2022-06-25 14:57:13.508  INFO 10872 --- [restartedMain] o.s.s.web.DefaultSecurityFilterChain     : Will not secure Ant [pattern='/webjars/**']
2022-06-25 14:57:13.537  WARN 10872 --- [restartedMain] JpaBaseConfiguration$JpaWebConfiguration : spring.jpa.open-in-view is enabled by default. Therefore, database queries may be performed during view rendering. Explicitly configure spring.jpa.open-in-view to disable this warning
2022-06-25 14:57:14.061  INFO 10872 --- [restartedMain] o.s.b.d.a.OptionalLiveReloadServer       : LiveReload server is running on port 35729
2022-06-25 14:57:14.094  INFO 10872 --- [restartedMain] o.s.b.w.embedded.tomcat.TomcatWebServer  : Tomcat started on port(s): 8080 (http) with context path ''
2022-06-25 14:57:14.104  INFO 10872 --- [restartedMain] c.e.webapp.ChampionsQuestApplication     : Started ChampionsQuestApplication in 3.493 seconds (JVM running for 4.157)
2022-06-25 14:57:23.476  INFO 10872 --- [SpringApplicationShutdownHook] j.LocalContainerEntityManagerFactoryBean : Closing JPA EntityManagerFactory for persistence unit 'default'
2022-06-25 14:57:23.478  INFO 10872 --- [SpringApplicationShutdownHook] com.zaxxer.hikari.HikariDataSource       : HikariPool-1 - Shutdown initiated...
2022-06-25 14:57:23.482  INFO 10872 --- [SpringApplicationShutdownHook] com.zaxxer.hikari.HikariDataSource       : HikariPool-1 - Shutdown completed.
2022-06-25 14:57:25.227  INFO 14200 --- [restartedMain] c.e.webapp.ChampionsQuestApplication     : Starting ChampionsQuestApplication using Java 17.0.3.1 on ErikPC with PID 14200 (C:\IntelliJ\ChampionsQuest\target\classes started by eende in C:\IntelliJ\ChampionsQuest)
2022-06-25 14:57:25.228  INFO 14200 --- [restartedMain] c.e.webapp.ChampionsQuestApplication     : No active profile set, falling back to 1 default profile: "default"
2022-06-25 14:57:25.278  INFO 14200 --- [restartedMain] .e.DevToolsPropertyDefaultsPostProcessor : Devtools property defaults active! Set 'spring.devtools.add-properties' to 'false' to disable
2022-06-25 14:57:25.279  INFO 14200 --- [restartedMain] .e.DevToolsPropertyDefaultsPostProcessor : For additional web related logging consider setting the 'logging.level.web' property to 'DEBUG'
2022-06-25 14:57:25.794  INFO 14200 --- [restartedMain] .s.d.r.c.RepositoryConfigurationDelegate : Bootstrapping Spring Data JPA repositories in DEFAULT mode.
2022-06-25 14:57:25.861  INFO 14200 --- [restartedMain] .s.d.r.c.RepositoryConfigurationDelegate : Finished Spring Data repository scanning in 61 ms. Found 7 JPA repository interfaces.
2022-06-25 14:57:26.265  INFO 14200 --- [restartedMain] o.s.b.w.embedded.tomcat.TomcatWebServer  : Tomcat initialized with port(s): 8080 (http)
2022-06-25 14:57:26.271  INFO 14200 --- [restartedMain] o.apache.catalina.core.StandardService   : Starting service [Tomcat]
2022-06-25 14:57:26.271  INFO 14200 --- [restartedMain] org.apache.catalina.core.StandardEngine  : Starting Servlet engine: [Apache Tomcat/9.0.63]
2022-06-25 14:57:26.346  INFO 14200 --- [restartedMain] o.a.c.c.C.[Tomcat].[localhost].[/]       : Initializing Spring embedded WebApplicationContext
2022-06-25 14:57:26.347  INFO 14200 --- [restartedMain] w.s.c.ServletWebServerApplicationContext : Root WebApplicationContext: initialization completed in 1068 ms
2022-06-25 14:57:26.491  INFO 14200 --- [restartedMain] o.hibernate.jpa.internal.util.LogHelper  : HHH000204: Processing PersistenceUnitInfo [name: default]
2022-06-25 14:57:26.525  INFO 14200 --- [restartedMain] org.hibernate.Version                    : HHH000412: Hibernate ORM core version 5.6.9.Final
2022-06-25 14:57:26.614  INFO 14200 --- [restartedMain] o.hibernate.annotations.common.Version   : HCANN000001: Hibernate Commons Annotations {5.1.2.Final}
2022-06-25 14:57:26.680  INFO 14200 --- [restartedMain] com.zaxxer.hikari.HikariDataSource       : HikariPool-1 - Starting...
2022-06-25 14:57:26.722  INFO 14200 --- [restartedMain] com.zaxxer.hikari.HikariDataSource       : HikariPool-1 - Start completed.
2022-06-25 14:57:26.732  INFO 14200 --- [restartedMain] org.hibernate.dialect.Dialect            : HHH000400: Using dialect: org.hibernate.dialect.MySQL5Dialect
2022-06-25 14:57:27.298  INFO 14200 --- [restartedMain] o.h.e.t.j.p.i.JtaPlatformInitiator       : HHH000490: Using JtaPlatform implementation: [org.hibernate.engine.transaction.jta.platform.internal.NoJtaPlatform]
2022-06-25 14:57:27.304  INFO 14200 --- [restartedMain] j.LocalContainerEntityManagerFactoryBean : Initialized JPA EntityManagerFactory for persistence unit 'default'
2022-06-25 14:57:27.759  INFO 14200 --- [restartedMain] o.s.s.web.DefaultSecurityFilterChain     : Will secure any request with [org.springframework.security.web.session.DisableEncodeUrlFilter@4719074d, org.springframework.security.web.context.request.async.WebAsyncManagerIntegrationFilter@91f4c7b, org.springframework.security.web.context.SecurityContextPersistenceFilter@5b0578e6, org.springframework.security.web.header.HeaderWriterFilter@2d4b236c, org.springframework.security.web.csrf.CsrfFilter@8e3cef7, org.springframework.security.web.authentication.logout.LogoutFilter@2070ce04, org.springframework.security.web.authentication.UsernamePasswordAuthenticationFilter@557d97eb, org.springframework.security.web.savedrequest.RequestCacheAwareFilter@221f19cf, org.springframework.security.web.servletapi.SecurityContextHolderAwareRequestFilter@499338db, org.springframework.security.web.authentication.AnonymousAuthenticationFilter@30e4407c, org.springframework.security.web.session.SessionManagementFilter@7497bbae, org.springframework.security.web.access.ExceptionTranslationFilter@2d93ed2e, org.springframework.security.web.access.intercept.AuthorizationFilter@5992eb4e]
2022-06-25 14:57:27.762  WARN 14200 --- [restartedMain] o.s.s.c.a.web.builders.WebSecurity       : You are asking Spring Security to ignore Ant [pattern='/images/**']. This is not recommended -- please use permitAll via HttpSecurity#authorizeHttpRequests instead.
2022-06-25 14:57:27.762  INFO 14200 --- [restartedMain] o.s.s.web.DefaultSecurityFilterChain     : Will not secure Ant [pattern='/images/**']
2022-06-25 14:57:27.763  WARN 14200 --- [restartedMain] o.s.s.c.a.web.builders.WebSecurity       : You are asking Spring Security to ignore Ant [pattern='/js/**']. This is not recommended -- please use permitAll via HttpSecurity#authorizeHttpRequests instead.
2022-06-25 14:57:27.763  INFO 14200 --- [restartedMain] o.s.s.web.DefaultSecurityFilterChain     : Will not secure Ant [pattern='/js/**']
2022-06-25 14:57:27.763  WARN 14200 --- [restartedMain] o.s.s.c.a.web.builders.WebSecurity       : You are asking Spring Security to ignore Ant [pattern='/webjars/**']. This is not recommended -- please use permitAll via HttpSecurity#authorizeHttpRequests instead.
2022-06-25 14:57:27.763  INFO 14200 --- [restartedMain] o.s.s.web.DefaultSecurityFilterChain     : Will not secure Ant [pattern='/webjars/**']
2022-06-25 14:57:27.794  WARN 14200 --- [restartedMain] JpaBaseConfiguration$JpaWebConfiguration : spring.jpa.open-in-view is enabled by default. Therefore, database queries may be performed during view rendering. Explicitly configure spring.jpa.open-in-view to disable this warning
2022-06-25 14:57:28.345  INFO 14200 --- [restartedMain] o.s.b.d.a.OptionalLiveReloadServer       : LiveReload server is running on port 35729
2022-06-25 14:57:28.374  INFO 14200 --- [restartedMain] o.s.b.w.embedded.tomcat.TomcatWebServer  : Tomcat started on port(s): 8080 (http) with context path ''
2022-06-25 14:57:28.383  INFO 14200 --- [restartedMain] c.e.webapp.ChampionsQuestApplication     : Started ChampionsQuestApplication in 3.46 seconds (JVM running for 4.16)
2022-06-25 14:57:28.395  INFO 14200 --- [SpringApplicationShutdownHook] j.LocalContainerEntityManagerFactoryBean : Closing JPA EntityManagerFactory for persistence unit 'default'
2022-06-25 14:57:28.397  INFO 14200 --- [SpringApplicationShutdownHook] com.zaxxer.hikari.HikariDataSource       : HikariPool-1 - Shutdown initiated...
2022-06-25 14:57:28.400  INFO 14200 --- [SpringApplicationShutdownHook] com.zaxxer.hikari.HikariDataSource       : HikariPool-1 - Shutdown completed.
